<?xml version="1.0" encoding="UTF-8"?>
<testsuite xmlns:xsi="http://www.w3.org/2001/XMLSchema-instance" xsi:noNamespaceSchemaLocation="https://maven.apache.org/surefire/maven-surefire-plugin/xsd/surefire-test-report-3.0.xsd" version="3.0" name="com.example.runners.TestRunner" time="2.812" tests="5" errors="0" skipped="0" failures="0">
  <properties>
    <property name="java.specification.version" value="24"/>
    <property name="sun.cpu.isalist" value="amd64"/>
    <property name="sun.jnu.encoding" value="Cp1252"/>
    <property name="java.class.path" value="C:\Users\borni\Documents\Work\RickMortyAutomation\target\test-classes;C:\Users\borni\Documents\Work\RickMortyAutomation\target\classes;C:\Users\borni\.m2\repository\io\cucumber\cucumber-java\7.14.0\cucumber-java-7.14.0.jar;C:\Users\borni\.m2\repository\io\cucumber\cucumber-core\7.14.0\cucumber-core-7.14.0.jar;C:\Users\borni\.m2\repository\io\cucumber\cucumber-gherkin\7.14.0\cucumber-gherkin-7.14.0.jar;C:\Users\borni\.m2\repository\io\cucumber\cucumber-gherkin-messages\7.14.0\cucumber-gherkin-messages-7.14.0.jar;C:\Users\borni\.m2\repository\io\cucumber\messages\22.0.0\messages-22.0.0.jar;C:\Users\borni\.m2\repository\io\cucumber\tag-expressions\5.0.6\tag-expressions-5.0.6.jar;C:\Users\borni\.m2\repository\io\cucumber\cucumber-expressions\16.1.2\cucumber-expressions-16.1.2.jar;C:\Users\borni\.m2\repository\io\cucumber\datatable\7.14.0\datatable-7.14.0.jar;C:\Users\borni\.m2\repository\io\cucumber\cucumber-plugin\7.14.0\cucumber-plugin-7.14.0.jar;C:\Users\borni\.m2\repository\io\cucumber\docstring\7.14.0\docstring-7.14.0.jar;C:\Users\borni\.m2\repository\io\cucumber\html-formatter\20.4.0\html-formatter-20.4.0.jar;C:\Users\borni\.m2\repository\io\cucumber\junit-xml-formatter\0.2.0\junit-xml-formatter-0.2.0.jar;C:\Users\borni\.m2\repository\io\cucumber\ci-environment\9.2.0\ci-environment-9.2.0.jar;C:\Users\borni\.m2\repository\org\apiguardian\apiguardian-api\1.1.2\apiguardian-api-1.1.2.jar;C:\Users\borni\.m2\repository\io\cucumber\cucumber-junit\7.14.0\cucumber-junit-7.14.0.jar;C:\Users\borni\.m2\repository\io\cucumber\cucumber-picocontainer\7.14.0\cucumber-picocontainer-7.14.0.jar;C:\Users\borni\.m2\repository\org\picocontainer\picocontainer\2.15\picocontainer-2.15.jar;C:\Users\borni\.m2\repository\junit\junit\4.13.2\junit-4.13.2.jar;C:\Users\borni\.m2\repository\org\hamcrest\hamcrest-core\1.3\hamcrest-core-1.3.jar;C:\Users\borni\.m2\repository\com\google\code\gson\gson\2.10.1\gson-2.10.1.jar;C:\Users\borni\.m2\repository\io\qameta\allure\allure-cucumber7-jvm\2.24.0\allure-cucumber7-jvm-2.24.0.jar;C:\Users\borni\.m2\repository\io\qameta\allure\allure-java-commons\2.24.0\allure-java-commons-2.24.0.jar;C:\Users\borni\.m2\repository\io\qameta\allure\allure-model\2.24.0\allure-model-2.24.0.jar;C:\Users\borni\.m2\repository\io\cucumber\gherkin\26.2.0\gherkin-26.2.0.jar;C:\Users\borni\.m2\repository\org\slf4j\slf4j-api\2.0.9\slf4j-api-2.0.9.jar;C:\Users\borni\.m2\repository\ch\qos\logback\logback-classic\1.4.14\logback-classic-1.4.14.jar;C:\Users\borni\.m2\repository\ch\qos\logback\logback-core\1.4.14\logback-core-1.4.14.jar;"/>
    <property name="java.vm.vendor" value="Oracle Corporation"/>
    <property name="sun.arch.data.model" value="64"/>
    <property name="user.variant" value=""/>
    <property name="java.vendor.url" value="https://java.oracle.com/"/>
    <property name="user.timezone" value="Asia/Bangkok"/>
    <property name="os.name" value="Windows 11"/>
    <property name="java.vm.specification.version" value="24"/>
    <property name="sun.java.launcher" value="SUN_STANDARD"/>
    <property name="user.country" value="US"/>
    <property name="sun.boot.library.path" value="C:\Program Files\Java\jdk-24\bin"/>
    <property name="sun.java.command" value="C:\Users\borni\AppData\Local\Temp\surefire7451342674029177828\surefirebooter-20250924131345316_3.jar C:\Users\borni\AppData\Local\Temp\surefire7451342674029177828 2025-09-24T13-13-45_071-jvmRun1 surefire-20250924131345316_1tmp surefire_0-20250924131345316_2tmp"/>
    <property name="jdk.debug" value="release"/>
    <property name="surefire.test.class.path" value="C:\Users\borni\Documents\Work\RickMortyAutomation\target\test-classes;C:\Users\borni\Documents\Work\RickMortyAutomation\target\classes;C:\Users\borni\.m2\repository\io\cucumber\cucumber-java\7.14.0\cucumber-java-7.14.0.jar;C:\Users\borni\.m2\repository\io\cucumber\cucumber-core\7.14.0\cucumber-core-7.14.0.jar;C:\Users\borni\.m2\repository\io\cucumber\cucumber-gherkin\7.14.0\cucumber-gherkin-7.14.0.jar;C:\Users\borni\.m2\repository\io\cucumber\cucumber-gherkin-messages\7.14.0\cucumber-gherkin-messages-7.14.0.jar;C:\Users\borni\.m2\repository\io\cucumber\messages\22.0.0\messages-22.0.0.jar;C:\Users\borni\.m2\repository\io\cucumber\tag-expressions\5.0.6\tag-expressions-5.0.6.jar;C:\Users\borni\.m2\repository\io\cucumber\cucumber-expressions\16.1.2\cucumber-expressions-16.1.2.jar;C:\Users\borni\.m2\repository\io\cucumber\datatable\7.14.0\datatable-7.14.0.jar;C:\Users\borni\.m2\repository\io\cucumber\cucumber-plugin\7.14.0\cucumber-plugin-7.14.0.jar;C:\Users\borni\.m2\repository\io\cucumber\docstring\7.14.0\docstring-7.14.0.jar;C:\Users\borni\.m2\repository\io\cucumber\html-formatter\20.4.0\html-formatter-20.4.0.jar;C:\Users\borni\.m2\repository\io\cucumber\junit-xml-formatter\0.2.0\junit-xml-formatter-0.2.0.jar;C:\Users\borni\.m2\repository\io\cucumber\ci-environment\9.2.0\ci-environment-9.2.0.jar;C:\Users\borni\.m2\repository\org\apiguardian\apiguardian-api\1.1.2\apiguardian-api-1.1.2.jar;C:\Users\borni\.m2\repository\io\cucumber\cucumber-junit\7.14.0\cucumber-junit-7.14.0.jar;C:\Users\borni\.m2\repository\io\cucumber\cucumber-picocontainer\7.14.0\cucumber-picocontainer-7.14.0.jar;C:\Users\borni\.m2\repository\org\picocontainer\picocontainer\2.15\picocontainer-2.15.jar;C:\Users\borni\.m2\repository\junit\junit\4.13.2\junit-4.13.2.jar;C:\Users\borni\.m2\repository\org\hamcrest\hamcrest-core\1.3\hamcrest-core-1.3.jar;C:\Users\borni\.m2\repository\com\google\code\gson\gson\2.10.1\gson-2.10.1.jar;C:\Users\borni\.m2\repository\io\qameta\allure\allure-cucumber7-jvm\2.24.0\allure-cucumber7-jvm-2.24.0.jar;C:\Users\borni\.m2\repository\io\qameta\allure\allure-java-commons\2.24.0\allure-java-commons-2.24.0.jar;C:\Users\borni\.m2\repository\io\qameta\allure\allure-model\2.24.0\allure-model-2.24.0.jar;C:\Users\borni\.m2\repository\io\cucumber\gherkin\26.2.0\gherkin-26.2.0.jar;C:\Users\borni\.m2\repository\org\slf4j\slf4j-api\2.0.9\slf4j-api-2.0.9.jar;C:\Users\borni\.m2\repository\ch\qos\logback\logback-classic\1.4.14\logback-classic-1.4.14.jar;C:\Users\borni\.m2\repository\ch\qos\logback\logback-core\1.4.14\logback-core-1.4.14.jar;"/>
    <property name="sun.cpu.endian" value="little"/>
    <property name="user.home" value="C:\Users\borni"/>
    <property name="user.language" value="en"/>
    <property name="java.specification.vendor" value="Oracle Corporation"/>
    <property name="java.version.date" value="2025-07-15"/>
    <property name="java.home" value="C:\Program Files\Java\jdk-24"/>
    <property name="file.separator" value="\"/>
    <property name="basedir" value="C:\Users\borni\Documents\Work\RickMortyAutomation"/>
    <property name="java.vm.compressedOopsMode" value="32-bit"/>
    <property name="line.separator" value="&#10;"/>
    <property name="java.vm.specification.vendor" value="Oracle Corporation"/>
    <property name="java.specification.name" value="Java Platform API Specification"/>
    <property name="surefire.real.class.path" value="C:\Users\borni\AppData\Local\Temp\surefire7451342674029177828\surefirebooter-20250924131345316_3.jar"/>
    <property name="user.script" value=""/>
    <property name="sun.management.compiler" value="HotSpot 64-Bit Tiered Compilers"/>
    <property name="java.runtime.version" value="24.0.2+12-54"/>
    <property name="user.name" value="borni"/>
    <property name="stdout.encoding" value="Cp1252"/>
    <property name="path.separator" value=";"/>
    <property name="os.version" value="10.0"/>
    <property name="java.runtime.name" value="Java(TM) SE Runtime Environment"/>
    <property name="file.encoding" value="UTF-8"/>
    <property name="java.vm.name" value="Java HotSpot(TM) 64-Bit Server VM"/>
    <property name="localRepository" value="C:\Users\borni\.m2\repository"/>
    <property name="java.vendor.url.bug" value="https://bugreport.java.com/bugreport/"/>
    <property name="java.io.tmpdir" value="C:\Users\borni\AppData\Local\Temp\"/>
    <property name="java.version" value="24.0.2"/>
    <property name="user.dir" value="C:\Users\borni\Documents\Work\RickMortyAutomation"/>
    <property name="os.arch" value="amd64"/>
    <property name="java.vm.specification.name" value="Java Virtual Machine Specification"/>
    <property name="sun.os.patch.level" value=""/>
    <property name="native.encoding" value="Cp1252"/>
    <property name="java.library.path" value="C:\Program Files\Java\jdk-24\bin;C:\WINDOWS\Sun\Java\bin;C:\WINDOWS\system32;C:\WINDOWS;C:\Program Files\Common Files\Oracle\Java\javapath;C:\Python313\Scripts\;C:\Python313\;C:\WINDOWS\system32;C:\WINDOWS;C:\WINDOWS\System32\Wbem;C:\WINDOWS\System32\WindowsPowerShell\v1.0\;C:\WINDOWS\System32\OpenSSH\;C:\Program Files\Docker\Docker\resources\bin;C:\Program Files\Git\cmd;C:\Program Files\nodejs\;C:\ProgramData\chocolatey\bin;C:\Program Files\Apache\Maven\apache-maven-3.9.11\bin;C:\Users\borni\.local\bin;C:\Users\borni\AppData\Local\Microsoft\WindowsApps;C:\Users\borni\AppData\Local\Programs\Microsoft VS Code\bin;C:\Users\borni\AppData\Roaming\npm;c:\Users\borni\AppData\Roaming\Code\User\globalStorage\github.copilot-chat\debugCommand;."/>
    <property name="java.vm.info" value="mixed mode, sharing"/>
    <property name="stderr.encoding" value="Cp1252"/>
    <property name="java.vendor" value="Oracle Corporation"/>
    <property name="java.vm.version" value="24.0.2+12-54"/>
    <property name="sun.io.unicode.encoding" value="UnicodeLittle"/>
    <property name="java.class.version" value="68.0"/>
  </properties>
  <testcase name="Explore the About page" classname="Rick and Morty API Website Navigation" time="0.273">
    <system-out><![CDATA[
Scenario: Explore the About page                         # src/test/resources/features/about.feature:3
  Given I am on "https://rickandmortyapi.com/"           # com.example.steps.AboutSteps.I_am_on(java.lang.String)
  When I click on the "About" link                       # com.example.steps.AboutSteps.I_click_on_the_link(java.lang.String)
  Then I should be redirected to the about page          # com.example.steps.AboutSteps.I_should_be_redirected_to_the_about_page()
  And I should see information about the technical stuff # com.example.steps.AboutSteps.I_should_see_information_about_the_technical_stuff()
  And I should see "Axel Fuhrmann" mentioned             # com.example.steps.AboutSteps.I_should_see_mentioned(java.lang.String)
]]></system-out>
  </testcase>
  <testcase name="Get character by ID #1" classname="Rick and Morty API testing" time="0.757">
    <system-out><![CDATA[
Scenario: Get character by ID                              # src/test/resources/features/character.feature:3
13:13:47.262 [main] INFO  com.example.steps.CharacterSteps - Requesting character with id 1
  Given I request character with id 1                      # com.example.steps.CharacterSteps.i_request_character_with_id(int)
13:13:47.925 [main] INFO  com.example.steps.CharacterSteps - Validating response name: Rick Sanchez
  Then the response should contain the name "Rick Sanchez" # com.example.steps.CharacterSteps.the_response_should_contain_the_name(java.lang.String)
]]></system-out>
  </testcase>
  <testcase name="Get character by ID #2" classname="Rick and Morty API testing" time="0.074">
    <system-out><![CDATA[
Scenario: Get character by ID                              # src/test/resources/features/character.feature:8
13:13:47.945 [main] INFO  com.example.steps.CharacterSteps - Requesting character with id 1
  Given I request character with id 1                      # com.example.steps.CharacterSteps.i_request_character_with_id(int)
13:13:48.001 [main] INFO  com.example.steps.CharacterSteps - Validating response name: Rick Sanchez
  Then the response should contain the name "Rick Sanchez" # com.example.steps.CharacterSteps.the_response_should_contain_the_name(java.lang.String)
13:13:48.002 [main] INFO  com.example.steps.CharacterSteps - The valid status should be: Alive
  And the status should be "Alive"                         # com.example.steps.CharacterSteps.the_status_should_be(java.lang.String)
13:13:48.004 [main] INFO  com.example.steps.CharacterSteps - the species should be: {}Human
  And the species should be "Human"                        # com.example.steps.CharacterSteps.the_species_should_be(java.lang.String)
]]></system-out>
  </testcase>
  <testcase name="Search characters by name" classname="Character API Testing" time="0.176">
    <system-out><![CDATA[
Scenario: Search characters by name                                                 # src/test/resources/features/invalid.feature:3
13:13:48.018 [main] INFO  com.example.steps.CheckInvalidSteps - Sending GET request to: https://rickandmortyapi.com/api/character/?name=rick
  When I send GET request to "https://rickandmortyapi.com/api/character/?name=rick" # com.example.steps.CheckInvalidSteps.i_send_GET_request_to_url(java.lang.String)
13:13:48.134 [main] INFO  com.example.steps.CheckInvalidSteps - Response status code is: 200
  Then response status should be 200                                                # com.example.steps.CheckInvalidSteps.response_status_should_be(int)
13:13:48.182 [main] WARN  com.example.steps.CheckInvalidSteps - Received unknown response type
13:13:48.183 [main] INFO  com.example.steps.CheckInvalidSteps - character contains rick in name
  And results should contain characters with "rick" in name                         # com.example.steps.CheckInvalidSteps.results_should_contain_characters_with_in_name(java.lang.String)
]]></system-out>
  </testcase>
  <testcase name="Handle invalid character ID" classname="Character API Testing" time="0.299">
    <system-out><![CDATA[
Scenario: Handle invalid character ID                                          # src/test/resources/features/invalid.feature:8
13:13:48.193 [main] INFO  com.example.steps.CheckInvalidSteps - Sending GET request to: https://rickandmortyapi.com/api/character/99999
  When I send GET request to "https://rickandmortyapi.com/api/character/99999" # com.example.steps.CheckInvalidSteps.i_send_GET_request_to_url(java.lang.String)
13:13:48.482 [main] INFO  com.example.steps.CheckInvalidSteps - Response status code is: 404
  Then response status should be 404                                           # com.example.steps.CheckInvalidSteps.response_status_should_be(int)
13:13:48.483 [main] INFO  com.example.steps.CheckInvalidSteps - Error message: Character not found
  And response should contain error message                                    # com.example.steps.CheckInvalidSteps.response_should_contain_error_message()
]]></system-out>
  </testcase>
</testsuite>